<?xml version="1.0" encoding="UTF-8"?>
<!-- Generated by org.testng.reporters.JUnitXMLReporter -->
<testsuite ignored="0" hostname="SasiPrakash" failures="0" tests="8" name="Test" time="93.641" errors="0" timestamp="2024-07-29T10:45:45 IST">
  <testcase classname="testscript.register.RegisterTestCase" name="verify_User_Is_Able_to_Register" time="3.448"/>
  <testcase classname="testscript.register.RegisterTestCase" name="verify_User_Is_Able_to_Register" time="4.598"/>
  <testcase classname="testscript.register.RegisterTestCase" name="verify_User_Is_Able_to_Register" time="3.068"/>
  <testcase classname="testscript.register.RegisterTestCase" name="verify_User_Is_Able_to_Register" time="3.176"/>
  <testcase classname="testscript.digitaldownloads.AddtoCartTestCase" name="verify_User_Is_Able_To_Add_the_Products_to_the_cart" time="8.852"/>
  <testcase classname="testscript.books.WishlistTestCase" name="verify_User_Is_Able_To_Add_Product_To_Wishlist" time="6.255"/>
  <testcase classname="TestScripts.JewelryTestCase" name="verify_User_Is_Able_To_Add_Product_To_Wishlist_and_Cart" time="9.465"/>
  <testcase classname="testscript.search.BlueJeansTestCase" name="verify_user_Is_Able_to_Add_Jeans_to_the_cart" time="9.032"/>
</testsuite> <!-- Test -->
